#
# There is insufficient memory for the Java Runtime Environment to continue.
# Native memory allocation (mmap) failed to map 268435456 bytes. Error detail: G1 virtual space
# Possible reasons:
#   The system is out of physical RAM or swap space
#   This process is running with CompressedOops enabled, and the Java Heap may be blocking the growth of the native heap
# Possible solutions:
#   Reduce memory load on the system
#   Increase physical memory or swap space
#   Check if swap backing store is full
#   Decrease Java heap size (-Xmx/-Xms)
#   Decrease number of Java threads
#   Decrease Java thread stack sizes (-Xss)
#   Set larger code cache with -XX:ReservedCodeCacheSize=
#   JVM is running with Zero Based Compressed Oops mode in which the Java heap is
#     placed in the first 32GB address space. The Java Heap base address is the
#     maximum limit for the native heap growth. Please use -XX:HeapBaseMinAddress
#     to set the Java Heap base and to place the Java Heap above 32GB virtual address.
# This output file may be truncated or incomplete.
#
#  Out of Memory Error (os_windows.cpp:3825), pid=22400, tid=2872
#
# JRE version:  (17.0.11+1) (build )
# Java VM: OpenJDK 64-Bit Server VM (17.0.11+1-b1207.24, mixed mode, sharing, tiered, compressed oops, compressed class ptrs, g1 gc, windows-amd64)
# No core dump will be written. Minidumps are not enabled by default on client versions of Windows
#

---------------  S U M M A R Y ------------

Command Line: git4idea.http.GitAskPassApp Username for 'https://github.com': 

Host: Intel(R) Core(TM) i7-8550U CPU @ 1.80GHz, 8 cores, 15G,  Windows 10 , 64 bit Build 19041 (10.0.19041.3636)
Time: Sun Jul 14 20:29:44 2024 Jerusalem Daylight Time elapsed time: 0.033073 seconds (0d 0h 0m 0s)

---------------  T H R E A D  ---------------

Current thread (0x000001e1dc8b1520):  JavaThread "Unknown thread" [_thread_in_vm, id=2872, stack(0x00000051ca200000,0x00000051ca300000)]

Stack: [0x00000051ca200000,0x00000051ca300000]
Native frames: (J=compiled Java code, j=interpreted, Vv=VM code, C=native code)
V  [jvm.dll+0x6877f9]
V  [jvm.dll+0x8411aa]
V  [jvm.dll+0x842e2e]
V  [jvm.dll+0x843493]
V  [jvm.dll+0x249fdf]
V  [jvm.dll+0x6845c9]
V  [jvm.dll+0x678e7a]
V  [jvm.dll+0x30ab4b]
V  [jvm.dll+0x311ff6]
V  [jvm.dll+0x361a5e]
V  [jvm.dll+0x361c8f]
V  [jvm.dll+0x2e0978]
V  [jvm.dll+0x2e18e4]
V  [jvm.dll+0x811c71]
V  [jvm.dll+0x36f7c8]
V  [jvm.dll+0x7f05f6]
V  [jvm.dll+0x3f398f]
V  [jvm.dll+0x3f5541]
C  [jli.dll+0x528f]
C  [ucrtbase.dll+0x21bb2]
C  [KERNEL32.DLL+0x17344]
C  [ntdll.dll+0x526b1]


---------------  P R O C E S S  ---------------

Threads class SMR info:
_java_thread_list=0x00007ff9a12eefd8, length=0, elements={
}

Java Threads: ( => current thread )

Other Threads:
  0x000001e1dc91b240 GCTaskThread "GC Thread#0" [stack: 0x00000051ca300000,0x00000051ca400000] [id=27500]
  0x000001e1dc92bfa0 ConcurrentGCThread "G1 Main Marker" [stack: 0x00000051ca400000,0x00000051ca500000] [id=25576]
  0x000001e1dc92c9c0 ConcurrentGCThread "G1 Conc#0" [stack: 0x00000051ca500000,0x00000051ca600000] [id=27880]

[error occurred during error reporting (printing all threads), id 0xc0000005, EXCEPTION_ACCESS_VIOLATION (0xc0000005) at pc=0x00007ff9a0aa1547]

VM state: not at safepoint (not fully initialized)

VM Mutex/Monitor currently owned by a thread:  ([mutex/lock_event])
[0x000001e1dc8aba10] Heap_lock - owner thread: 0x000001e1dc8b1520

Heap address: 0x0000000701e00000, size: 4066 MB, Compressed Oops mode: Zero based, Oop shift amount: 3

CDS archive(s) mapped at: [0x0000000000000000-0x0000000000000000-0x0000000000000000), size 0, SharedBaseAddress: 0x0000000800000000, ArchiveRelocationMode: 1.
Narrow klass base: 0x0000000000000000, Narrow klass shift: 0, Narrow klass range: 0x0

GC Precious Log:
<Empty>

Heap:
 garbage-first heap   total 0K, used 0K [0x0000000701e00000, 0x0000000800000000)
  region size 2048K, 0 young (0K), 0 survivors (0K)
 Metaspace       used 0K, committed 0K, reserved 0K
  class space    used 0K, committed 0K, reserved 0K

Heap Regions: E=young(eden), S=young(survivor), O=old, HS=humongous(starts), HC=humongous(continues), CS=collection set, F=free, OA=open archive, CA=closed archive, TAMS=top-at-mark-start (previous, next)

Card table byte_map: [0x000001e1efb70000,0x000001e1f0370000] _byte_map_base: 0x000001e1ec361000

Marking Bits (Prev, Next): (CMBitMap*) 0x000001e1dc91b860, (CMBitMap*) 0x000001e1dc91b8a0
 Prev Bits: [0x000001e1f0b70000, 0x000001e1f4af8000)
 Next Bits: [0x000001e1f4b00000, 0x000001e1f8a88000)

GC Heap History (0 events):
No events

Dll operation events (1 events):
Event: 0.020 Loaded shared library C:\Program Files\JetBrains\IntelliJ IDEA 2024.1.4\jbr\bin\java.dll

Deoptimization events (0 events):
No events

Classes unloaded (0 events):
No events

Classes redefined (0 events):
No events

Internal exceptions (0 events):
No events

VM Operations (0 events):
No events

Events (0 events):
No events


Dynamic libraries:
0x00007ff7ad140000 - 0x00007ff7ad14a000 	C:\Program Files\JetBrains\IntelliJ IDEA 2024.1.4\jbr\bin\java.exe
0x00007ff9df230000 - 0x00007ff9df428000 	C:\WINDOWS\SYSTEM32\ntdll.dll
0x00007ff9deda0000 - 0x00007ff9dee5d000 	C:\WINDOWS\System32\KERNEL32.DLL
0x00007ff9dcb90000 - 0x00007ff9dce86000 	C:\WINDOWS\System32\KERNELBASE.dll
0x00007ff9dc900000 - 0x00007ff9dca00000 	C:\WINDOWS\System32\ucrtbase.dll
0x00007ff9d67d0000 - 0x00007ff9d67e7000 	C:\Program Files\JetBrains\IntelliJ IDEA 2024.1.4\jbr\bin\jli.dll
0x00007ff9c9a80000 - 0x00007ff9c9a9b000 	C:\Program Files\JetBrains\IntelliJ IDEA 2024.1.4\jbr\bin\VCRUNTIME140.dll
0x00007ff9dd780000 - 0x00007ff9dd91e000 	C:\WINDOWS\System32\USER32.dll
0x00007ff9dca00000 - 0x00007ff9dca22000 	C:\WINDOWS\System32\win32u.dll
0x00007ff9dbc10000 - 0x00007ff9dbeaa000 	C:\WINDOWS\WinSxS\amd64_microsoft.windows.common-controls_6595b64144ccf1df_6.0.19041.3636_none_60b6a03d71f818d5\COMCTL32.dll
0x00007ff9dd920000 - 0x00007ff9dd94c000 	C:\WINDOWS\System32\GDI32.dll
0x00007ff9de700000 - 0x00007ff9de79e000 	C:\WINDOWS\System32\msvcrt.dll
0x00007ff9dcf10000 - 0x00007ff9dd02a000 	C:\WINDOWS\System32\gdi32full.dll
0x00007ff9dd130000 - 0x00007ff9dd1cd000 	C:\WINDOWS\System32\msvcp_win.dll
0x00007ff9df080000 - 0x00007ff9df0b0000 	C:\WINDOWS\System32\IMM32.DLL
0x00007ff9d67a0000 - 0x00007ff9d67ac000 	C:\Program Files\JetBrains\IntelliJ IDEA 2024.1.4\jbr\bin\vcruntime140_1.dll
0x00007ff9b3080000 - 0x00007ff9b310d000 	C:\Program Files\JetBrains\IntelliJ IDEA 2024.1.4\jbr\bin\msvcp140.dll
0x00007ff9a07b0000 - 0x00007ff9a1433000 	C:\Program Files\JetBrains\IntelliJ IDEA 2024.1.4\jbr\bin\server\jvm.dll
0x00007ff9dd3e0000 - 0x00007ff9dd493000 	C:\WINDOWS\System32\ADVAPI32.dll
0x00007ff9dd5b0000 - 0x00007ff9dd64f000 	C:\WINDOWS\System32\sechost.dll
0x00007ff9dd650000 - 0x00007ff9dd776000 	C:\WINDOWS\System32\RPCRT4.dll
0x00007ff9dcee0000 - 0x00007ff9dcf07000 	C:\WINDOWS\System32\bcrypt.dll
0x00007ff9dc500000 - 0x00007ff9dc54b000 	C:\WINDOWS\SYSTEM32\POWRPROF.dll
0x00007ff9da890000 - 0x00007ff9da899000 	C:\WINDOWS\SYSTEM32\WSOCK32.dll
0x00007ff9ccf40000 - 0x00007ff9ccf67000 	C:\WINDOWS\SYSTEM32\WINMM.dll
0x00007ff9de120000 - 0x00007ff9de18b000 	C:\WINDOWS\System32\WS2_32.dll
0x00007ff9d0d70000 - 0x00007ff9d0d7a000 	C:\WINDOWS\SYSTEM32\VERSION.dll
0x00007ff9dbeb0000 - 0x00007ff9dbec2000 	C:\WINDOWS\SYSTEM32\UMPDC.dll
0x00007ff9d9970000 - 0x00007ff9d9982000 	C:\WINDOWS\SYSTEM32\kernel.appcore.dll
0x00007ff9da390000 - 0x00007ff9da39a000 	C:\Program Files\JetBrains\IntelliJ IDEA 2024.1.4\jbr\bin\jimage.dll
0x00007ff9dc2d0000 - 0x00007ff9dc4b4000 	C:\WINDOWS\SYSTEM32\DBGHELP.DLL
0x00007ff9dc170000 - 0x00007ff9dc1a4000 	C:\WINDOWS\SYSTEM32\dbgcore.DLL
0x00007ff9dd030000 - 0x00007ff9dd0b2000 	C:\WINDOWS\System32\bcryptPrimitives.dll
0x00007ff9d92b0000 - 0x00007ff9d92d5000 	C:\Program Files\JetBrains\IntelliJ IDEA 2024.1.4\jbr\bin\java.dll

dbghelp: loaded successfully - version: 4.0.5 - missing functions: none
symbol engine: initialized successfully - sym options: 0x614 - pdb path: .;C:\Program Files\JetBrains\IntelliJ IDEA 2024.1.4\jbr\bin;C:\WINDOWS\SYSTEM32;C:\WINDOWS\WinSxS\amd64_microsoft.windows.common-controls_6595b64144ccf1df_6.0.19041.3636_none_60b6a03d71f818d5;C:\Program Files\JetBrains\IntelliJ IDEA 2024.1.4\jbr\bin\server

VM Arguments:
java_command: git4idea.http.GitAskPassApp Username for 'https://github.com': 
java_class_path (initial): C:/Program Files/JetBrains/IntelliJ IDEA 2024.1.4/plugins/vcs-git/lib/git4idea-rt.jar;C:/Program Files/JetBrains/IntelliJ IDEA 2024.1.4/lib/externalProcess-rt.jar
Launcher Type: SUN_STANDARD

[Global flags]
     intx CICompilerCount                          = 4                                         {product} {ergonomic}
     uint ConcGCThreads                            = 2                                         {product} {ergonomic}
     uint G1ConcRefinementThreads                  = 8                                         {product} {ergonomic}
   size_t G1HeapRegionSize                         = 2097152                                   {product} {ergonomic}
    uintx GCDrainStackTargetSize                   = 64                                        {product} {ergonomic}
   size_t InitialHeapSize                          = 268435456                                 {product} {ergonomic}
   size_t MarkStackSize                            = 4194304                                   {product} {ergonomic}
   size_t MaxHeapSize                              = 4263510016                                {product} {ergonomic}
   size_t MinHeapDeltaBytes                        = 2097152                                   {product} {ergonomic}
   size_t MinHeapSize                              = 8388608                                   {product} {ergonomic}
    uintx NonNMethodCodeHeapSize                   = 5839372                                {pd product} {ergonomic}
    uintx NonProfiledCodeHeapSize                  = 122909434                              {pd product} {ergonomic}
    uintx ProfiledCodeHeapSize                     = 122909434                              {pd product} {ergonomic}
    uintx ReservedCodeCacheSize                    = 251658240                              {pd product} {ergonomic}
     bool SegmentedCodeCache                       = true                                      {product} {ergonomic}
   size_t SoftMaxHeapSize                          = 4263510016                             {manageable} {ergonomic}
     bool UseCompressedClassPointers               = true                           {product lp64_product} {ergonomic}
     bool UseCompressedOops                        = true                           {product lp64_product} {ergonomic}
     bool UseG1GC                                  = true                                      {product} {ergonomic}
     bool UseLargePagesIndividualAllocation        = false                                  {pd product} {ergonomic}

Logging:
Log output configuration:
 #0: stdout all=warning uptime,level,tags
 #1: stderr all=off uptime,level,tags

Environment Variables:
PATH=C:/Program Files/Git/mingw64/libexec/git-core;C:/Program Files/Git/mingw64/libexec/git-core;C:\Program Files\Git\mingw64\bin;C:\Program Files\Git\usr\bin;C:\Users\user\bin;C:\apache-maven-4.0.0-alpha-3\bin;C:\Program Files\Common Files\Oracle\Java\javapath;C:\Program Files (x86)\Common Files\Oracle\Java\javapath;C:\WINDOWS\system32;C:\WINDOWS;C:\WINDOWS\System32\Wbem;C:\WINDOWS\System32\WindowsPowerShell\v1.0\;C:\WINDOWS\System32\OpenSSH\;C:\Program Files\Microsoft SQL Server\150\Tools\Binn\;C:\Program Files\nodejs\;C:\Program Files\dotnet\;C:\Program Files\Docker\Docker\resources\bin;C:\Program Files\Git\cmd;C:\Program Files (x86)\Windows Kits\10\Windows Performance Toolkit\;C:\Users\user\AppData\Local\Programs\Python\Python38-32\Scripts\;C:\Users\user\AppData\Local\Programs\Python\Python38-32\;C:\Users\user\AppData\Local\Microsoft\WindowsApps;C:\Users\user\.dotnet\tools;C:\Users\user\AppData\Roaming\npm;C:\Users\user\AppData\Local\Programs\Microsoft VS Code\bin
USERNAME=user
DISPLAY=:0.0
LC_ALL=en_US.UTF-8
TERM=xterm-256color
TMPDIR=C:\Users\user\AppData\Local\Temp
OS=Windows_NT
PROCESSOR_IDENTIFIER=Intel64 Family 6 Model 142 Stepping 10, GenuineIntel
TMP=C:\Users\user\AppData\Local\Temp
TEMP=C:\Users\user\AppData\Local\Temp



Periodic native trim disabled

JNI global refs:
JNI global refs: 0, weak refs: 0

JNI global refs memory usage: 0, weak refs: 0

Process memory usage:
Resident Set Size: 10920K (0% of 16648932K total physical memory with 1724368K free physical memory)

OOME stack traces (most recent first):
Classloader memory used:


---------------  S Y S T E M  ---------------

OS:
 Windows 10 , 64 bit Build 19041 (10.0.19041.3636)
OS uptime: 6 days 23:52 hours
Hyper-V role detected

CPU: total 8 (initial active 8) (4 cores per cpu, 2 threads per core) family 6 model 142 stepping 10 microcode 0xb4, cx8, cmov, fxsr, ht, mmx, 3dnowpref, sse, sse2, sse3, ssse3, sse4.1, sse4.2, popcnt, lzcnt, tsc, tscinvbit, avx, avx2, aes, erms, clmul, bmi1, bmi2, adx, fma, vzeroupper, clflush, clflushopt, hv
Processor Information for all 8 processors :
  Max Mhz: 1992, Current Mhz: 1792, Mhz Limit: 1792

Memory: 4k page, system-wide physical 16258M (1683M free)
TotalPageFile size 52987M (AvailPageFile size 112M)
current process WorkingSet (physical memory assigned to process): 10M, peak: 10M
current process commit charge ("private bytes"): 60M, peak: 316M

vm_info: OpenJDK 64-Bit Server VM (17.0.11+1-b1207.24) for windows-amd64 JRE (17.0.11+1-b1207.24), built on 2024-05-15 by "builduser" with MS VC++ 16.10 / 16.11 (VS2019)

END.
