#
# There is insufficient memory for the Java Runtime Environment to continue.
# Native memory allocation (mmap) failed to map 268435456 bytes. Error detail: G1 virtual space
# Possible reasons:
#   The system is out of physical RAM or swap space
#   This process is running with CompressedOops enabled, and the Java Heap may be blocking the growth of the native heap
# Possible solutions:
#   Reduce memory load on the system
#   Increase physical memory or swap space
#   Check if swap backing store is full
#   Decrease Java heap size (-Xmx/-Xms)
#   Decrease number of Java threads
#   Decrease Java thread stack sizes (-Xss)
#   Set larger code cache with -XX:ReservedCodeCacheSize=
#   JVM is running with Zero Based Compressed Oops mode in which the Java heap is
#     placed in the first 32GB address space. The Java Heap base address is the
#     maximum limit for the native heap growth. Please use -XX:HeapBaseMinAddress
#     to set the Java Heap base and to place the Java Heap above 32GB virtual address.
# This output file may be truncated or incomplete.
#
#  Out of Memory Error (os_windows.cpp:3631), pid=25812, tid=27628
#
# JRE version:  (22.0.1+8) (build )
# Java VM: OpenJDK 64-Bit Server VM (22.0.1+8-16, mixed mode, sharing, tiered, compressed oops, compressed class ptrs, g1 gc, windows-amd64)
# No core dump will be written. Minidumps are not enabled by default on client versions of Windows
#

---------------  S U M M A R Y ------------

Command Line: -Dnet.bytebuddy.agent.attacher.dump= net.bytebuddy.agent.Attacher com.sun.tools.attach.VirtualMachine 24480 C:\Users\user\.m2\repository\net\bytebuddy\byte-buddy-agent\1.14.13\byte-buddy-agent-1.14.13.jar false 

Host: Intel(R) Core(TM) i7-8550U CPU @ 1.80GHz, 8 cores, 15G,  Windows 10 , 64 bit Build 19041 (10.0.19041.3636)
Time: Thu Jul 11 19:59:31 2024 Jerusalem Daylight Time elapsed time: 0.025829 seconds (0d 0h 0m 0s)

---------------  T H R E A D  ---------------

Current thread (0x00000173196104f0):  JavaThread "Unknown thread" [_thread_in_vm, id=27628, stack(0x0000001eee900000,0x0000001eeea00000) (1024K)]

Stack: [0x0000001eee900000,0x0000001eeea00000]
Native frames: (J=compiled Java code, j=interpreted, Vv=VM code, C=native code)
V  [jvm.dll+0x6e2279]  (no source info available)
V  [jvm.dll+0x874e33]  (no source info available)
V  [jvm.dll+0x87725e]  (no source info available)
V  [jvm.dll+0x877933]  (no source info available)
V  [jvm.dll+0x27fd76]  (no source info available)
V  [jvm.dll+0x6de915]  (no source info available)
V  [jvm.dll+0x6d341a]  (no source info available)
V  [jvm.dll+0x3589da]  (no source info available)
V  [jvm.dll+0x360f06]  (no source info available)
V  [jvm.dll+0x3b3e2e]  (no source info available)
V  [jvm.dll+0x3b40d8]  (no source info available)
V  [jvm.dll+0x32c59c]  (no source info available)
V  [jvm.dll+0x32d158]  (no source info available)
V  [jvm.dll+0x83ccdc]  (no source info available)
V  [jvm.dll+0x3c0d71]  (no source info available)
V  [jvm.dll+0x825ccc]  (no source info available)
V  [jvm.dll+0x45b8fe]  (no source info available)
V  [jvm.dll+0x45d781]  (no source info available)
C  [jli.dll+0x52a3]  (no source info available)
C  [ucrtbase.dll+0x21bb2]  (no source info available)
C  [KERNEL32.DLL+0x17344]  (no source info available)
C  [ntdll.dll+0x526b1]  (no source info available)


---------------  P R O C E S S  ---------------

Threads class SMR info:
_java_thread_list=0x00007ff984bbb1c8, length=0, elements={
}

Java Threads: ( => current thread )
Total: 0

Other Threads:
  0x000001731b7d5ce0 WorkerThread "GC Thread#0"                     [id=6192, stack(0x0000001eeea00000,0x0000001eeeb00000) (1024K)]
  0x000001731b7e6e00 ConcurrentGCThread "G1 Main Marker"            [id=24584, stack(0x0000001eeeb00000,0x0000001eeec00000) (1024K)]
  0x000001731b7e7b80 WorkerThread "G1 Conc#0"                       [id=23492, stack(0x0000001eeec00000,0x0000001eeed00000) (1024K)]

[error occurred during error reporting (printing all threads), id 0xc0000005, EXCEPTION_ACCESS_VIOLATION (0xc0000005) at pc=0x00007ff98430f367]
VM state: not at safepoint (not fully initialized)

VM Mutex/Monitor currently owned by a thread:  ([mutex/lock_event])
[0x00007ff984c3bcb8] Heap_lock - owner thread: 0x00000173196104f0

Heap address: 0x0000000701e00000, size: 4066 MB, Compressed Oops mode: Zero based, Oop shift amount: 3

CDS archive(s) mapped at: [0x0000000000000000-0x0000000000000000-0x0000000000000000), size 0, SharedBaseAddress: 0x0000000800000000, ArchiveRelocationMode: 1.
Narrow klass base: 0x0000000000000000, Narrow klass shift: 0, Narrow klass range: 0x0

GC Precious Log:
 CardTable entry size: 512
 Card Set container configuration: InlinePtr #cards 4 size 8 Array Of Cards #cards 16 size 48 Howl #buckets 8 coarsen threshold 3686 Howl Bitmap #cards 512 size 80 coarsen threshold 460 Card regions per heap region 1 cards per card region 4096

Heap:
 garbage-first heap   total reserved 4163584K, committed 0K, used 0K [0x0000000701e00000, 0x0000000800000000)
  region size 2048K, 0 young (0K), 0 survivors (0K)

[error occurred during error reporting (printing heap information), id 0xc0000005, EXCEPTION_ACCESS_VIOLATION (0xc0000005) at pc=0x00007ff98470e429]
GC Heap History (0 events):
No events

Dll operation events (1 events):
Event: 0.017 Loaded shared library C:\Users\user\.jdks\openjdk-22.0.1\bin\java.dll

Deoptimization events (0 events):
No events

Classes loaded (0 events):
No events

Classes unloaded (0 events):
No events

Classes redefined (0 events):
No events

Internal exceptions (0 events):
No events

ZGC Phase Switch (0 events):
No events

VM Operations (0 events):
No events

Events (0 events):
No events


Dynamic libraries:
0x00007ff7438c0000 - 0x00007ff7438ce000 	C:\Users\user\.jdks\openjdk-22.0.1\bin\java.exe
0x00007ff9df230000 - 0x00007ff9df428000 	C:\WINDOWS\SYSTEM32\ntdll.dll
0x00007ff9deda0000 - 0x00007ff9dee5d000 	C:\WINDOWS\System32\KERNEL32.DLL
0x00007ff9dcb90000 - 0x00007ff9dce86000 	C:\WINDOWS\System32\KERNELBASE.dll
0x00007ff9dc900000 - 0x00007ff9dca00000 	C:\WINDOWS\System32\ucrtbase.dll
0x00007ff9d75a0000 - 0x00007ff9d75b7000 	C:\Users\user\.jdks\openjdk-22.0.1\bin\jli.dll
0x00007ff9d7530000 - 0x00007ff9d754b000 	C:\Users\user\.jdks\openjdk-22.0.1\bin\VCRUNTIME140.dll
0x00007ff9dd780000 - 0x00007ff9dd91e000 	C:\WINDOWS\System32\USER32.dll
0x00007ff9dca00000 - 0x00007ff9dca22000 	C:\WINDOWS\System32\win32u.dll
0x00007ff9dbc10000 - 0x00007ff9dbeaa000 	C:\WINDOWS\WinSxS\amd64_microsoft.windows.common-controls_6595b64144ccf1df_6.0.19041.3636_none_60b6a03d71f818d5\COMCTL32.dll
0x00007ff9dd920000 - 0x00007ff9dd94c000 	C:\WINDOWS\System32\GDI32.dll
0x00007ff9de700000 - 0x00007ff9de79e000 	C:\WINDOWS\System32\msvcrt.dll
0x00007ff9dcf10000 - 0x00007ff9dd02a000 	C:\WINDOWS\System32\gdi32full.dll
0x00007ff9dd130000 - 0x00007ff9dd1cd000 	C:\WINDOWS\System32\msvcp_win.dll
0x00007ff9df080000 - 0x00007ff9df0b0000 	C:\WINDOWS\System32\IMM32.DLL
0x00007ff9da410000 - 0x00007ff9da41c000 	C:\Users\user\.jdks\openjdk-22.0.1\bin\vcruntime140_1.dll
0x00007ff9a4ff0000 - 0x00007ff9a507e000 	C:\Users\user\.jdks\openjdk-22.0.1\bin\msvcp140.dll
0x00007ff983fd0000 - 0x00007ff984d17000 	C:\Users\user\.jdks\openjdk-22.0.1\bin\server\jvm.dll
0x00007ff9dd3e0000 - 0x00007ff9dd493000 	C:\WINDOWS\System32\ADVAPI32.dll
0x00007ff9dd5b0000 - 0x00007ff9dd64f000 	C:\WINDOWS\System32\sechost.dll
0x00007ff9dd650000 - 0x00007ff9dd776000 	C:\WINDOWS\System32\RPCRT4.dll
0x00007ff9dcee0000 - 0x00007ff9dcf07000 	C:\WINDOWS\System32\bcrypt.dll
0x00007ff9de120000 - 0x00007ff9de18b000 	C:\WINDOWS\System32\WS2_32.dll
0x00007ff9dc500000 - 0x00007ff9dc54b000 	C:\WINDOWS\SYSTEM32\POWRPROF.dll
0x00007ff9d0d70000 - 0x00007ff9d0d7a000 	C:\WINDOWS\SYSTEM32\VERSION.dll
0x00007ff9ccf40000 - 0x00007ff9ccf67000 	C:\WINDOWS\SYSTEM32\WINMM.dll
0x00007ff9dbeb0000 - 0x00007ff9dbec2000 	C:\WINDOWS\SYSTEM32\UMPDC.dll
0x00007ff9d9970000 - 0x00007ff9d9982000 	C:\WINDOWS\SYSTEM32\kernel.appcore.dll
0x00007ff9da3f0000 - 0x00007ff9da3fa000 	C:\Users\user\.jdks\openjdk-22.0.1\bin\jimage.dll
0x00007ff9dc2d0000 - 0x00007ff9dc4b4000 	C:\WINDOWS\SYSTEM32\DBGHELP.DLL
0x00007ff9dc170000 - 0x00007ff9dc1a4000 	C:\WINDOWS\SYSTEM32\dbgcore.DLL
0x00007ff9dd030000 - 0x00007ff9dd0b2000 	C:\WINDOWS\System32\bcryptPrimitives.dll
0x00007ff9da3a0000 - 0x00007ff9da3be000 	C:\Users\user\.jdks\openjdk-22.0.1\bin\java.dll
0x00007ff9dd9c0000 - 0x00007ff9de105000 	C:\WINDOWS\System32\SHELL32.dll
0x00007ff9de550000 - 0x00007ff9de67b000 	C:\WINDOWS\System32\ole32.dll
0x00007ff9de190000 - 0x00007ff9de4e4000 	C:\WINDOWS\System32\combase.dll

dbghelp: loaded successfully - version: 4.0.5 - missing functions: none
symbol engine: initialized successfully - sym options: 0x614 - pdb path: .;C:\Users\user\.jdks\openjdk-22.0.1\bin;C:\WINDOWS\SYSTEM32;C:\WINDOWS\WinSxS\amd64_microsoft.windows.common-controls_6595b64144ccf1df_6.0.19041.3636_none_60b6a03d71f818d5;C:\Users\user\.jdks\openjdk-22.0.1\bin\server

VM Arguments:
jvm_args: -Dnet.bytebuddy.agent.attacher.dump= 
java_command: net.bytebuddy.agent.Attacher com.sun.tools.attach.VirtualMachine 24480 C:\Users\user\.m2\repository\net\bytebuddy\byte-buddy-agent\1.14.13\byte-buddy-agent-1.14.13.jar false 
java_class_path (initial): C:\Users\user\.m2\repository\net\bytebuddy\byte-buddy-agent\1.14.13\byte-buddy-agent-1.14.13.jar
Launcher Type: SUN_STANDARD

[Global flags]
     intx CICompilerCount                          = 4                                         {product} {ergonomic}
     uint ConcGCThreads                            = 2                                         {product} {ergonomic}
     uint G1ConcRefinementThreads                  = 8                                         {product} {ergonomic}
   size_t G1HeapRegionSize                         = 2097152                                   {product} {ergonomic}
   size_t InitialHeapSize                          = 268435456                                 {product} {ergonomic}
   size_t MarkStackSize                            = 4194304                                   {product} {ergonomic}
   size_t MaxHeapSize                              = 4263510016                                {product} {ergonomic}
   size_t MinHeapDeltaBytes                        = 2097152                                   {product} {ergonomic}
   size_t MinHeapSize                              = 8388608                                   {product} {ergonomic}
    uintx NonNMethodCodeHeapSize                   = 5839372                                {pd product} {ergonomic}
    uintx NonProfiledCodeHeapSize                  = 122909434                              {pd product} {ergonomic}
    uintx ProfiledCodeHeapSize                     = 122909434                              {pd product} {ergonomic}
    uintx ReservedCodeCacheSize                    = 251658240                              {pd product} {ergonomic}
     bool SegmentedCodeCache                       = true                                      {product} {ergonomic}
   size_t SoftMaxHeapSize                          = 4263510016                             {manageable} {ergonomic}
     bool UseCompressedOops                        = true                           {product lp64_product} {ergonomic}
     bool UseG1GC                                  = true                                      {product} {ergonomic}
     bool UseLargePagesIndividualAllocation        = false                                  {pd product} {ergonomic}

Logging:
Log output configuration:
 #0: stdout all=warning uptime,level,tags foldmultilines=false
 #1: stderr all=off uptime,level,tags foldmultilines=false

Environment Variables:
PATH=C:\apache-maven-4.0.0-alpha-3\bin;C:\Program Files\Common Files\Oracle\Java\javapath;C:\Program Files (x86)\Common Files\Oracle\Java\javapath;C:\WINDOWS\system32;C:\WINDOWS;C:\WINDOWS\System32\Wbem;C:\WINDOWS\System32\WindowsPowerShell\v1.0\;C:\WINDOWS\System32\OpenSSH\;C:\Program Files\Microsoft SQL Server\150\Tools\Binn\;C:\Program Files\nodejs\;C:\Program Files\dotnet\;C:\Program Files\Docker\Docker\resources\bin;C:\Program Files\Git\cmd;C:\Program Files (x86)\Windows Kits\10\Windows Performance Toolkit\;C:\Users\user\AppData\Local\Programs\Python\Python38-32\Scripts\;C:\Users\user\AppData\Local\Programs\Python\Python38-32\;C:\Users\user\AppData\Local\Microsoft\WindowsApps;C:\Users\user\.dotnet\tools;C:\Users\user\AppData\Roaming\npm;C:\Users\user\AppData\Local\Programs\Microsoft VS Code\bin
USERNAME=user
OS=Windows_NT
PROCESSOR_IDENTIFIER=Intel64 Family 6 Model 142 Stepping 10, GenuineIntel
TMP=C:\Users\user\AppData\Local\Temp
TEMP=C:\Users\user\AppData\Local\Temp




Periodic native trim disabled

---------------  S Y S T E M  ---------------

OS:
 Windows 10 , 64 bit Build 19041 (10.0.19041.3636)
OS uptime: 3 days 23:22 hours
Hyper-V role detected

CPU: total 8 (initial active 8) (4 cores per cpu, 2 threads per core) family 6 model 142 stepping 10 microcode 0xb4, cx8, cmov, fxsr, ht, mmx, 3dnowpref, sse, sse2, sse3, ssse3, sse4.1, sse4.2, popcnt, lzcnt, tsc, tscinvbit, avx, avx2, aes, erms, clmul, bmi1, bmi2, adx, fma, vzeroupper, clflush, clflushopt, hv, rdtscp, f16c
Processor Information for all 8 processors :
  Max Mhz: 1992, Current Mhz: 1792, Mhz Limit: 1792

Memory: 4k page, system-wide physical 16258M (1333M free)
TotalPageFile size 50054M (AvailPageFile size 134M)
current process WorkingSet (physical memory assigned to process): 11M, peak: 11M
current process commit charge ("private bytes"): 60M, peak: 316M

vm_info: OpenJDK 64-Bit Server VM (22.0.1+8-16) for windows-amd64 JRE (22.0.1+8-16), built on 2024-03-12T10:33:16Z by "mach5one" with MS VC++ 17.6 (VS2022)

END.
